<?xml version="1.0" encoding="UTF-8"?>
<!-- Generated by org.testng.reporters.JUnitXMLReporter -->
<testsuite ignored="2" hostname="gkillare-win87" failures="2" tests="72" name="Test" time="3745.707" errors="0" timestamp="2024-06-19T16:36:32 IST">
  <testcase classname="testcases.TC_CAN_RefundOfSale" name="TestCard01" time="52.024"/>
  <testcase classname="testcases.TC_CAN_RefundOfSale" name="TestCard01" time="24.777"/>
  <testcase classname="testcases.TC_CAN_RefundOfSale" name="TestCard02" time="55.154"/>
  <testcase classname="testcases.TC_CAN_RefundOfSale" name="TestCard03" time="36.363"/>
  <testcase classname="testcases.TC_CAN_RefundOfSale" name="TestCard04" time="43.515"/>
  <testcase classname="testcases.TC_CAN_RefundOfSale" name="TestCard05" time="32.79"/>
  <testcase classname="testcases.TC_CAN_RefundOfSale" name="TestCard05" time="31.937"/>
  <testcase classname="testcases.TC_CAN_RefundOfSale" name="TestCard06" time="45.907"/>
  <testcase classname="testcases.TC_CAN_RefundOfSale" name="TestCard06" time="28.502"/>
  <testcase classname="testcases.TC_CAN_RefundOfSale" name="TestCard07" time="11.806"/>
  <testcase classname="testcases.TC_CAN_RefundOfSale" name="TestCard08" time="45.196"/>
  <testcase classname="testcases.TC_CAN_RefundOfSale" name="TestCard09" time="61.254"/>
  <testcase classname="testcases.TC_CAN_RefundOfSale" name="TestCard10" time="53.812"/>
  <testcase classname="testcases.TC_CAN_RefundOfSale" name="TestCard10" time="28.033"/>
  <testcase classname="testcases.TC_CAN_RefundOfSale" name="TestCard11" time="53.842"/>
  <testcase classname="testcases.TC_CAN_RefundOfSale" name="TestCard11" time="30.838"/>
  <testcase classname="testcases.TC_CAN_RefundOfSale" name="TestCard12" time="51.057"/>
  <testcase classname="testcases.TC_CAN_RefundOfSale" name="TestCard12" time="29.479"/>
  <testcase classname="testcases.TC_CAN_RefundOfSale" name="TestCard13" time="41.457"/>
  <testcase classname="testcases.TC_CAN_RefundOfSale" name="TestCard13" time="54.21"/>
  <testcase classname="testcases.TC_CAN_RefundOfSale" name="TestCard14" time="29.073">
    <failure type="java.lang.AssertionError" message="We are not getting ResponseText as APPROVAL or VALIDATION [null,,374245XXXXX1006,F,1,,AXC,null,0.00,050-DECLINED,20006,291241712289623481,000000000000000000,000000,374245XXXXX1006,AID Not Receive ,AID Not Receive ] expected [true] but found [false]">
      <![CDATA[java.lang.AssertionError: We are not getting ResponseText as APPROVAL or VALIDATION [null,,374245XXXXX1006,F,1,,AXC,null,0.00,050-DECLINED,20006,291241712289623481,000000000000000000,000000,374245XXXXX1006,AID Not Receive ,AID Not Receive ] expected [true] but found [false]
at base.BaseClass.performSaleTransaction(BaseClass.java:216)
at testcases.TC_CAN_RefundOfSale.TestCard14(TC_CAN_RefundOfSale.java:309)
at java.base/java.util.ArrayList.forEach(ArrayList.java:1511)
... Removed 30 stack frames]]>
    </failure>
  </testcase> <!-- TestCard14 -->
  <testcase classname="testcases.TC_CAN_RefundOfSale" name="TestCard15" time="51.174"/>
  <testcase classname="testcases.TC_CAN_RefundOfSale" name="TestCard15" time="26.129"/>
  <testcase classname="testcases.TC_CAN_RefundOfSale" name="TestCard16" time="48.873"/>
  <testcase classname="testcases.TC_CAN_VoidOfSale" name="TestCard01" time="48.857"/>
  <testcase classname="testcases.TC_CAN_VoidOfSale" name="TestCard01" time="25.941"/>
  <testcase classname="testcases.TC_CAN_VoidOfSale" name="TestCard02" time="37.585"/>
  <testcase classname="testcases.TC_CAN_VoidOfSale" name="TestCard03" time="41.923"/>
  <testcase classname="testcases.TC_CAN_VoidOfSale" name="TestCard04" time="54.661"/>
  <testcase classname="testcases.TC_CAN_VoidOfSale" name="TestCard05" time="48.523"/>
  <testcase classname="testcases.TC_CAN_VoidOfSale" name="TestCard05" time="32.523"/>
  <testcase classname="testcases.TC_CAN_VoidOfSale" name="TestCard06" time="50.14"/>
  <testcase classname="testcases.TC_CAN_VoidOfSale" name="TestCard06" time="40.484"/>
  <testcase classname="testcases.TC_CAN_VoidOfSale" name="TestCard07" time="10.861"/>
  <testcase classname="testcases.TC_CAN_VoidOfSale" name="TestCard08" time="49.172"/>
  <testcase classname="testcases.TC_CAN_VoidOfSale" name="TestCard09" time="72.336"/>
  <testcase classname="testcases.TC_CAN_VoidOfSale" name="TestCard10" time="56.342"/>
  <testcase classname="testcases.TC_CAN_VoidOfSale" name="TestCard10" time="32.509"/>
  <testcase classname="testcases.TC_CAN_VoidOfSale" name="TestCard11" time="56.923"/>
  <testcase classname="testcases.TC_CAN_VoidOfSale" name="TestCard11" time="32.761"/>
  <testcase classname="testcases.TC_CAN_VoidOfSale" name="TestCard12" time="54.439"/>
  <testcase classname="testcases.TC_CAN_VoidOfSale" name="TestCard12" time="32.601"/>
  <testcase classname="testcases.TC_CAN_VoidOfSale" name="TestCard13" time="51.701"/>
  <testcase classname="testcases.TC_CAN_VoidOfSale" name="TestCard13" time="33.963"/>
  <testcase classname="testcases.TC_CAN_VoidOfSale" name="TestCard14" time="31.36">
    <failure type="java.lang.AssertionError" message="We are not getting ResponseText as APPROVAL or VALIDATION [null,,374245XXXXX1006,F,1,,AXC,null,0.00,050-DECLINED,20006,291241712413030306,000000000000000000,000000,374245XXXXX1006,AID Not Receive ,AID Not Receive ] expected [true] but found [false]">
      <![CDATA[java.lang.AssertionError: We are not getting ResponseText as APPROVAL or VALIDATION [null,,374245XXXXX1006,F,1,,AXC,null,0.00,050-DECLINED,20006,291241712413030306,000000000000000000,000000,374245XXXXX1006,AID Not Receive ,AID Not Receive ] expected [true] but found [false]
at base.BaseClass.performSaleTransaction(BaseClass.java:216)
at testcases.TC_CAN_VoidOfSale.TestCard14(TC_CAN_VoidOfSale.java:309)
at java.base/java.util.ArrayList.forEach(ArrayList.java:1511)
... Removed 30 stack frames]]>
    </failure>
  </testcase> <!-- TestCard14 -->
  <testcase classname="testcases.TC_CAN_VoidOfSale" name="TestCard15" time="58.191"/>
  <testcase classname="testcases.TC_CAN_VoidOfSale" name="TestCard15" time="30.375"/>
  <testcase classname="testcases.TC_CAN_VoidOfSale" name="TestCard16" time="48.2"/>
  <testcase classname="testcases.TC_CAN_VoidOfRefundWithoutSale" name="TestCard01" time="67.243"/>
  <testcase classname="testcases.TC_CAN_VoidOfRefundWithoutSale" name="TestCard01" time="37.092"/>
  <testcase classname="testcases.TC_CAN_VoidOfRefundWithoutSale" name="TestCard02" time="52.969"/>
  <testcase classname="testcases.TC_CAN_VoidOfRefundWithoutSale" name="TestCard03" time="45.473"/>
  <testcase classname="testcases.TC_CAN_VoidOfRefundWithoutSale" name="TestCard04" time="47.737"/>
  <testcase classname="testcases.TC_CAN_VoidOfRefundWithoutSale" name="TestCard05" time="51.307"/>
  <testcase classname="testcases.TC_CAN_VoidOfRefundWithoutSale" name="TestCard05" time="45.36"/>
  <testcase classname="testcases.TC_CAN_VoidOfRefundWithoutSale" name="TestCard06" time="48.768"/>
  <testcase classname="testcases.TC_CAN_VoidOfRefundWithoutSale" name="TestCard06" time="26.564"/>
  <testcase classname="testcases.TC_CAN_VoidOfRefundWithoutSale" name="TestCard07" time="12.606"/>
  <testcase classname="testcases.TC_CAN_VoidOfRefundWithoutSale" name="TestCard08" time="45.701"/>
  <testcase classname="testcases.TC_CAN_VoidOfRefundWithoutSale" name="TestCard09" time="61.593"/>
  <testcase classname="testcases.TC_CAN_VoidOfRefundWithoutSale" name="TestCard10" time="50.305"/>
  <testcase classname="testcases.TC_CAN_VoidOfRefundWithoutSale" name="TestCard10" time="34.337"/>
  <testcase classname="testcases.TC_CAN_VoidOfRefundWithoutSale" name="TestCard11" time="54.983"/>
  <testcase classname="testcases.TC_CAN_VoidOfRefundWithoutSale" name="TestCard11" time="36.538"/>
  <testcase classname="testcases.TC_CAN_VoidOfRefundWithoutSale" name="TestCard12" time="47.006"/>
  <testcase classname="testcases.TC_CAN_VoidOfRefundWithoutSale" name="TestCard12" time="29.965"/>
  <testcase classname="testcases.TC_CAN_VoidOfRefundWithoutSale" name="TestCard13" time="51.624"/>
  <testcase classname="testcases.TC_CAN_VoidOfRefundWithoutSale" name="TestCard13" time="32.918"/>
  <testcase classname="testcases.TC_CAN_VoidOfRefundWithoutSale" name="TestCard14" time="58.544"/>
  <testcase classname="testcases.TC_CAN_VoidOfRefundWithoutSale" name="TestCard15" time="45.681"/>
  <testcase classname="testcases.TC_CAN_VoidOfRefundWithoutSale" name="TestCard15" time="50.91"/>
  <testcase classname="testcases.TC_CAN_VoidOfRefundWithoutSale" name="TestCard16" time="48.637"/>
  <testcase classname="base.BaseClass" name="@BeforeSuite beforeSuite" time="0.0">
    <ignored/>
  </testcase> <!-- @BeforeSuite beforeSuite -->
  <testcase classname="base.BaseClass" name="@BeforeSuite beforeSuite" time="0.0">
    <ignored/>
  </testcase> <!-- @BeforeSuite beforeSuite -->
</testsuite> <!-- Test -->
