<?xml version="1.0" encoding="UTF-8"?>
<!-- Generated by org.testng.reporters.JUnitReportReporter -->
<testsuite hostname="gkillare-win87" failures="1" tests="29" name="testcases.TC_US_VoidOfRefundWithoutSale" time="960.132" errors="0" timestamp="2024-06-19T12:24:38 IST" skipped="0">
  <testcase classname="testcases.TC_US_VoidOfRefundWithoutSale" name="TestCard11" time="34.841"/>
  <testcase classname="testcases.TC_US_VoidOfRefundWithoutSale" name="TestCard04" time="31.100"/>
  <testcase classname="testcases.TC_US_VoidOfRefundWithoutSale" name="TestCard13" time="29.434"/>
  <testcase classname="testcases.TC_US_VoidOfRefundWithoutSale" name="TestCard10" time="34.341"/>
  <testcase classname="testcases.TC_US_VoidOfRefundWithoutSale" name="TestCard12" time="37.407"/>
  <testcase classname="testcases.TC_US_VoidOfRefundWithoutSale" name="TestCard03" time="37.806"/>
  <testcase classname="testcases.TC_US_VoidOfRefundWithoutSale" name="TestCard16" time="34.793"/>
  <testcase classname="testcases.TC_US_VoidOfRefundWithoutSale" name="TestCard19" time="30.765"/>
  <testcase classname="testcases.TC_US_VoidOfRefundWithoutSale" name="TestCard06" time="30.774"/>
  <testcase classname="testcases.TC_US_VoidOfRefundWithoutSale" name="TestCard09" time="39.144"/>
  <testcase classname="testcases.TC_US_VoidOfRefundWithoutSale" name="TestCard20" time="44.473"/>
  <testcase classname="testcases.TC_US_VoidOfRefundWithoutSale" name="TestCard07" time="32.382"/>
  <testcase classname="testcases.TC_US_VoidOfRefundWithoutSale" name="TestCard05" time="32.485"/>
  <testcase classname="testcases.TC_US_VoidOfRefundWithoutSale" name="TestCard14" time="34.849"/>
  <testcase classname="testcases.TC_US_VoidOfRefundWithoutSale" name="TestCard06" time="33.422"/>
  <testcase classname="testcases.TC_US_VoidOfRefundWithoutSale" name="TestCard18" time="32.277"/>
  <testcase classname="testcases.TC_US_VoidOfRefundWithoutSale" name="TestCard07" time="36.373"/>
  <testcase classname="testcases.TC_US_VoidOfRefundWithoutSale" name="TestCard17" time="33.083"/>
  <testcase classname="testcases.TC_US_VoidOfRefundWithoutSale" name="TestCard15" time="29.221"/>
  <testcase classname="testcases.TC_US_VoidOfRefundWithoutSale" name="TestCard16" time="29.076"/>
  <testcase classname="testcases.TC_US_VoidOfRefundWithoutSale" name="TestCard15" time="33.983"/>
  <testcase classname="testcases.TC_US_VoidOfRefundWithoutSale" name="TestCard02" time="28.919"/>
  <testcase classname="testcases.TC_US_VoidOfRefundWithoutSale" name="TestCard01" time="35.931"/>
  <testcase classname="testcases.TC_US_VoidOfRefundWithoutSale" name="TestCard12" time="34.869"/>
  <testcase classname="testcases.TC_US_VoidOfRefundWithoutSale" name="TestCard13" time="24.291"/>
  <testcase classname="testcases.TC_US_VoidOfRefundWithoutSale" name="TestCard21" time="37.857"/>
  <testcase classname="testcases.TC_US_VoidOfRefundWithoutSale" name="TestCard08" time="29.469"/>
  <testcase classname="testcases.TC_US_VoidOfRefundWithoutSale" name="TestCard19" time="30.304">
    <failure message="We are not getting ResponseText as APPROVAL or VALIDATION [null,,0615769852310135,I,22,,VID,null,0.00,INCORRECT PIN,20006,228241711046002387,000000000000000000,000000,0615769852310135,AID:A0000000980840,AID:A0000000980840] expected [true] but found [false]" type="java.lang.AssertionError">
      <![CDATA[java.lang.AssertionError: We are not getting ResponseText as APPROVAL or VALIDATION [null,,0615769852310135,I,22,,VID,null,0.00,INCORRECT PIN,20006,228241711046002387,000000000000000000,000000,0615769852310135,AID:A0000000980840,AID:A0000000980840] expected [true] but found [false]
at org.testng.Assert.fail(Assert.java:111)
at org.testng.Assert.failNotEquals(Assert.java:1578)
at org.testng.Assert.assertTrue(Assert.java:57)
at base.BaseClass.performRefundWithoutSaleTransaction(BaseClass.java:267)
at testcases.TC_US_VoidOfRefundWithoutSale.TestCard19(TC_US_VoidOfRefundWithoutSale.java:384)
at java.base/jdk.internal.reflect.NativeMethodAccessorImpl.invoke0(Native Method)
at java.base/jdk.internal.reflect.NativeMethodAccessorImpl.invoke(NativeMethodAccessorImpl.java:77)
at java.base/jdk.internal.reflect.DelegatingMethodAccessorImpl.invoke(DelegatingMethodAccessorImpl.java:43)
at java.base/java.lang.reflect.Method.invoke(Method.java:568)
at org.testng.internal.invokers.MethodInvocationHelper.invokeMethod(MethodInvocationHelper.java:139)
at org.testng.internal.invokers.TestInvoker.invokeMethod(TestInvoker.java:664)
at org.testng.internal.invokers.TestInvoker.invokeTestMethod(TestInvoker.java:228)
at org.testng.internal.invokers.MethodRunner.runInSequence(MethodRunner.java:63)
at org.testng.internal.invokers.TestInvoker$MethodInvocationAgent.invoke(TestInvoker.java:961)
at org.testng.internal.invokers.TestInvoker.invokeTestMethods(TestInvoker.java:201)
at org.testng.internal.invokers.TestMethodWorker.invokeTestMethods(TestMethodWorker.java:148)
at org.testng.internal.invokers.TestMethodWorker.run(TestMethodWorker.java:128)
at java.base/java.util.ArrayList.forEach(ArrayList.java:1511)
at org.testng.TestRunner.privateRun(TestRunner.java:819)
at org.testng.TestRunner.run(TestRunner.java:619)
at org.testng.SuiteRunner.runTest(SuiteRunner.java:443)
at org.testng.SuiteRunner.runSequentially(SuiteRunner.java:437)
at org.testng.SuiteRunner.privateRun(SuiteRunner.java:397)
at org.testng.SuiteRunner.run(SuiteRunner.java:336)
at org.testng.SuiteRunnerWorker.runSuite(SuiteRunnerWorker.java:52)
at org.testng.SuiteRunnerWorker.run(SuiteRunnerWorker.java:95)
at org.testng.TestNG.runSuitesSequentially(TestNG.java:1301)
at org.testng.TestNG.runSuitesLocally(TestNG.java:1228)
at org.testng.TestNG.runSuites(TestNG.java:1134)
at org.testng.TestNG.run(TestNG.java:1101)
at org.testng.remote.AbstractRemoteTestNG.run(AbstractRemoteTestNG.java:115)
at org.testng.remote.RemoteTestNG.initAndRun(RemoteTestNG.java:251)
at org.testng.remote.RemoteTestNG.main(RemoteTestNG.java:77)
]]>
    </failure>
  </testcase> <!-- TestCard19 -->
  <testcase classname="testcases.TC_US_VoidOfRefundWithoutSale" name="TestCard01" time="26.463"/>
</testsuite> <!-- testcases.TC_US_VoidOfRefundWithoutSale -->
